  fileHelper.c
C:\opencv\build\include\opencv2\core\types_c.h(929,20): warning C4013: 'cvRound' undefined; assuming extern returning int
  linkedlist.c
C:\Users\Cyber_User\source\repos\Test_Project\Final_Project\linkedlist.c(75,27): warning C4267: '=': conversion from 'size_t' to 'int', possible loss of data
C:\Users\Cyber_User\source\repos\Test_Project\Final_Project\linkedlist.c(121,24): warning C4098: 'removeFrame': 'void' function returning a value
C:\Users\Cyber_User\source\repos\Test_Project\Final_Project\linkedlist.c(135,25): warning C4098: 'removeFrame': 'void' function returning a value
  menu.c
C:\opencv\build\include\opencv2\core\types_c.h(929,20): warning C4013: 'cvRound' undefined; assuming extern returning int
C:\Users\Cyber_User\source\repos\Test_Project\Final_Project\menu.h(19,1): warning C4005: 'TRUE': macro redefinition
C:\Program Files (x86)\Windows Kits\10\Include\10.0.22621.0\shared\minwindef.h(75): message : see previous definition of 'TRUE'
C:\Users\Cyber_User\source\repos\Test_Project\Final_Project\menu.h(20,1): warning C4005: 'FALSE': macro redefinition
C:\Program Files (x86)\Windows Kits\10\Include\10.0.22621.0\shared\minwindef.h(71): message : see previous definition of 'FALSE'
C:\Users\Cyber_User\source\repos\Test_Project\Final_Project\menu.c(26,21): warning C4098: 'handleSocket': 'void' function returning a value
C:\Users\Cyber_User\source\repos\Test_Project\Final_Project\menu.c(41,21): warning C4098: 'handleSocket': 'void' function returning a value
C:\Users\Cyber_User\source\repos\Test_Project\Final_Project\menu.c(50,21): warning C4098: 'handleSocket': 'void' function returning a value
C:\Users\Cyber_User\source\repos\Test_Project\Final_Project\menu.c(60,21): warning C4098: 'handleSocket': 'void' function returning a value
C:\Users\Cyber_User\source\repos\Test_Project\Final_Project\menu.c(71,21): warning C4098: 'handleSocket': 'void' function returning a value
C:\Users\Cyber_User\source\repos\Test_Project\Final_Project\menu.c(79,21): warning C4098: 'handleSocket': 'void' function returning a value
C:\Users\Cyber_User\source\repos\Test_Project\Final_Project\menu.c(96,62): warning C4267: 'function': conversion from 'size_t' to 'int', possible loss of data
C:\Users\Cyber_User\source\repos\Test_Project\Final_Project\menu.c(131,43): warning C4047: '=': 'char *' differs in levels of indirection from 'int'
C:\Users\Cyber_User\source\repos\Test_Project\Final_Project\menu.c(132,60): warning C4047: 'function': 'int' differs in levels of indirection from 'char *'
C:\Users\Cyber_User\source\repos\Test_Project\Final_Project\menu.c(132,52): warning C4024: 'changeFrameLocation': different types for formal and actual parameter 2
  prog.c
C:\opencv\build\include\opencv2\core\types_c.h(929,20): warning C4013: 'cvRound' undefined; assuming extern returning int
C:\Users\Cyber_User\source\repos\Test_Project\Final_Project\menu.h(19,1): warning C4005: 'TRUE': macro redefinition
C:\Program Files (x86)\Windows Kits\10\Include\10.0.22621.0\shared\minwindef.h(75): message : see previous definition of 'TRUE'
C:\Users\Cyber_User\source\repos\Test_Project\Final_Project\menu.h(20,1): warning C4005: 'FALSE': macro redefinition
C:\Program Files (x86)\Windows Kits\10\Include\10.0.22621.0\shared\minwindef.h(71): message : see previous definition of 'FALSE'
  view.c
C:\opencv\build\include\opencv2\core\types_c.h(929,20): warning C4013: 'cvRound' undefined; assuming extern returning int
C:\Users\Cyber_User\source\repos\Test_Project\Final_Project\view.c(66,56): warning C4267: '+=': conversion from 'size_t' to 'int', possible loss of data
C:\Users\Cyber_User\source\repos\Test_Project\Final_Project\view.c(67,56): warning C4267: '+=': conversion from 'size_t' to 'int', possible loss of data
  Generating Code...
  Final_Project.vcxproj -> C:\Users\Cyber_User\source\repos\Test_Project\x64\Debug\Final_Project.exe
  'pwsh.exe' is not recognized as an internal or external command,
  operable program or batch file.
